#
# There is insufficient memory for the Java Runtime Environment to continue.
# Native memory allocation (mmap) failed to map 94371840 bytes for committing reserved memory.
# Possible reasons:
#   The system is out of physical RAM or swap space
#   In 32 bit mode, the process size limit was hit
# Possible solutions:
#   Reduce memory load on the system
#   Increase physical memory or swap space
#   Check if swap backing store is full
#   Use 64 bit Java on a 64 bit OS
#   Decrease Java heap size (-Xmx/-Xms)
#   Decrease number of Java threads
#   Decrease Java thread stack sizes (-Xss)
#   Set larger code cache with -XX:ReservedCodeCacheSize=
# This output file may be truncated or incomplete.
#
#  Out of Memory Error (os_linux.cpp:2640), pid=12778, tid=0x00007fa6a6beb700
#
# JRE version: Java(TM) SE Runtime Environment (8.0_181-b13) (build 1.8.0_181-b13)
# Java VM: Java HotSpot(TM) 64-Bit Server VM (25.181-b13 mixed mode linux-amd64 compressed oops)
# Failed to write core dump. Core dumps have been disabled. To enable core dumping, try "ulimit -c unlimited" before starting Java again
#

---------------  T H R E A D  ---------------

Current thread (0x00007fa6c4085800):  VMThread [stack: 0x00007fa6a6aec000,0x00007fa6a6bec000] [id=12792]

Stack: [0x00007fa6a6aec000,0x00007fa6a6bec000],  sp=0x00007fa6a6bea1c0,  free space=1016k
Native frames: (J=compiled Java code, j=interpreted, Vv=VM code, C=native code)
V  [libjvm.so+0xad21aa]  VMError::report_and_die()+0x2ba
V  [libjvm.so+0x5022db]  report_vm_out_of_memory(char const*, int, unsigned long, VMErrorType, char const*)+0x8b
V  [libjvm.so+0x92fe33]  os::Linux::commit_memory_impl(char*, unsigned long, bool)+0x123
V  [libjvm.so+0x930059]  os::pd_commit_memory(char*, unsigned long, unsigned long, bool)+0x29
V  [libjvm.so+0x9272ba]  os::commit_memory(char*, unsigned long, unsigned long, bool)+0x2a
V  [libjvm.so+0x99d2e3]  PSVirtualSpace::expand_by(unsigned long)+0x53
V  [libjvm.so+0x99e6e8]  PSYoungGen::resize_generation(unsigned long, unsigned long)+0xf8
V  [libjvm.so+0x99d842]  PSYoungGen::resize(unsigned long, unsigned long)+0x22
V  [libjvm.so+0x99ab1b]  PSScavenge::invoke_no_policy()+0xf3b
V  [libjvm.so+0x99b2a1]  PSScavenge::invoke()+0x41
V  [libjvm.so+0x951d70]  ParallelScavengeHeap::failed_mem_allocate(unsigned long)+0x70
V  [libjvm.so+0xad3c27]  VM_ParallelGCFailedAllocation::doit()+0x97
V  [libjvm.so+0xadb745]  VM_Operation::evaluate()+0x55
V  [libjvm.so+0xad9b0a]  VMThread::evaluate_operation(VM_Operation*)+0xba
V  [libjvm.so+0xad9e8e]  VMThread::loop()+0x1ce
V  [libjvm.so+0xada300]  VMThread::run()+0x70
V  [libjvm.so+0x930198]  java_start(Thread*)+0x108

VM_Operation (0x00007fa6cc708c10): ParallelGCFailedAllocation, mode: safepoint, requested by thread 0x00007fa6c400f000


---------------  P R O C E S S  ---------------

Java Threads: ( => current thread )
  0x00007fa6c4c4e000 JavaThread "HikariPool-1 housekeeper" daemon [_thread_blocked, id=12818, stack(0x00007fa69e9fc000,0x00007fa69eafd000)]
  0x00007fa6c4b63800 JavaThread "Abandoned connection cleanup thread" daemon [_thread_blocked, id=12817, stack(0x00007fa69ecfd000,0x00007fa69edfe000)]
  0x00007fa6c4b4e800 JavaThread "container-0" [_thread_blocked, id=12816, stack(0x00007fa69edfe000,0x00007fa69eeff000)]
  0x00007fa6c4b4a000 JavaThread "ContainerBackgroundProcessor[StandardEngine[Tomcat]]" daemon [_thread_blocked, id=12815, stack(0x00007fa69eeff000,0x00007fa69f000000)]
  0x00007fa64400f000 JavaThread "JMX server connection timeout 18" daemon [_thread_blocked, id=12810, stack(0x00007fa6a4244000,0x00007fa6a4345000)]
  0x00007fa64000b000 JavaThread "RMI Scheduler(0)" daemon [_thread_blocked, id=12809, stack(0x00007fa6a436b000,0x00007fa6a446c000)]
  0x00007fa65c001800 JavaThread "RMI TCP Connection(2)-127.0.0.1" daemon [_thread_blocked, id=12808, stack(0x00007fa6a446c000,0x00007fa6a456d000)]
  0x00007fa650001800 JavaThread "RMI TCP Connection(1)-127.0.0.1" daemon [_thread_in_native, id=12806, stack(0x00007fa6a456d000,0x00007fa6a466e000)]
  0x00007fa6c44ee800 JavaThread "RMI TCP Accept-0" daemon [_thread_in_native, id=12803, stack(0x00007fa6a4c70000,0x00007fa6a4d71000)]
  0x00007fa6c44e4000 JavaThread "RMI TCP Accept-37117" daemon [_thread_in_native, id=12802, stack(0x00007fa6a4d71000,0x00007fa6a4e72000)]
  0x00007fa6c44cb000 JavaThread "RMI TCP Accept-0" daemon [_thread_in_native, id=12801, stack(0x00007fa6a4e72000,0x00007fa6a4f73000)]
  0x00007fa6c40d9000 JavaThread "Service Thread" daemon [_thread_blocked, id=12800, stack(0x00007fa6a5793000,0x00007fa6a5894000)]
  0x00007fa6c40ce000 JavaThread "C1 CompilerThread3" daemon [_thread_blocked, id=12799, stack(0x00007fa6a5895000,0x00007fa6a5995000)]
  0x00007fa6c40cb800 JavaThread "C2 CompilerThread2" daemon [_thread_blocked, id=12798, stack(0x00007fa6a5996000,0x00007fa6a5a96000)]
  0x00007fa6c40ca000 JavaThread "C2 CompilerThread1" daemon [_thread_blocked, id=12797, stack(0x00007fa6a5a97000,0x00007fa6a5b97000)]
  0x00007fa6c40c7000 JavaThread "C2 CompilerThread0" daemon [_thread_blocked, id=12796, stack(0x00007fa6a5b98000,0x00007fa6a5c98000)]
  0x00007fa6c40c5800 JavaThread "Signal Dispatcher" daemon [_thread_blocked, id=12795, stack(0x00007fa6a5c98000,0x00007fa6a5d99000)]
  0x00007fa6c4091800 JavaThread "Finalizer" daemon [_thread_blocked, id=12794, stack(0x00007fa6a68e9000,0x00007fa6a69ea000)]
  0x00007fa6c408f000 JavaThread "Reference Handler" daemon [_thread_blocked, id=12793, stack(0x00007fa6a69ea000,0x00007fa6a6aeb000)]
  0x00007fa6c400f000 JavaThread "main" [_thread_blocked, id=12783, stack(0x00007fa6cc60c000,0x00007fa6cc70c000)]

Other Threads:
=>0x00007fa6c4085800 VMThread [stack: 0x00007fa6a6aec000,0x00007fa6a6bec000] [id=12792]
  0x00007fa6c44f3000 WatcherThread [stack: 0x00007fa6a4b70000,0x00007fa6a4c70000] [id=12804]

VM state:at safepoint (normal execution)

VM Mutex/Monitor currently owned by a thread:  ([mutex/lock_event])
[0x00007fa6c400b970] Threads_lock - owner thread: 0x00007fa6c4085800
[0x00007fa6c400be70] Heap_lock - owner thread: 0x00007fa6c400f000

Heap:
 PSYoungGen      total 293376K, used 38393K [0x00000000d7180000, 0x00000000eb580000, 0x0000000100000000)
  eden space 254976K, 0% used [0x00000000d7180000,0x00000000d7180000,0x00000000e6a80000)
  from space 38400K, 99% used [0x00000000e6a80000,0x00000000e8ffe588,0x00000000e9000000)
  to   space 36864K, 0% used [0x00000000e9180000,0x00000000e9180000,0x00000000eb580000)
 ParOldGen       total 203264K, used 108276K [0x0000000085400000, 0x0000000091a80000, 0x00000000d7180000)
  object space 203264K, 53% used [0x0000000085400000,0x000000008bdbd088,0x0000000091a80000)
 Metaspace       used 46453K, capacity 48582K, committed 48768K, reserved 1091584K
  class space    used 6290K, capacity 6702K, committed 6784K, reserved 1048576K

Card table byte_map: [0x00007fa6c8f07000,0x00007fa6c92de000] byte_map_base: 0x00007fa6c8add000

Marking Bits: (ParMarkBitMap*) 0x00007fa6cbab10a0
 Begin Bits: [0x00007fa6ac2a0000, 0x00007fa6ae150000)
 End Bits:   [0x00007fa6ae150000, 0x00007fa6b0000000)

Polling page: 0x00007fa6cc72e000

CodeCache: size=245760Kb used=9009Kb max_used=9009Kb free=236750Kb
 bounds [0x00007fa6b5000000, 0x00007fa6b58d0000, 0x00007fa6c4000000]
 total_blobs=4650 nmethods=4122 adapters=441
 compilation: enabled

Compilation events (10 events):
Event: 29,975 Thread 0x00007fa6c40ce000 4120       1       java.lang.reflect.Constructor::getAnnotationBytes (5 bytes)
Event: 29,975 Thread 0x00007fa6c40ce000 nmethod 4120 0x00007fa6b58cacd0 code [0x00007fa6b58cae20, 0x00007fa6b58caf30]
Event: 29,976 Thread 0x00007fa6c40ce000 4121   !   1       java.beans.PropertyDescriptor::updateGenericsFor (37 bytes)
Event: 29,976 Thread 0x00007fa6c40ce000 nmethod 4121 0x00007fa6b58caf90 code [0x00007fa6b58cb180, 0x00007fa6b58cb658]
Event: 29,983 Thread 0x00007fa6c40ce000 4122       1       org.springframework.core.ResolvableType::forMethodParameter (49 bytes)
Event: 29,983 Thread 0x00007fa6c40ce000 nmethod 4122 0x00007fa6b58cbad0 code [0x00007fa6b58cbca0, 0x00007fa6b58cc078]
Event: 29,987 Thread 0x00007fa6c40ce000 4123       1       org.springframework.core.MethodParameter::getAnnotatedElement (5 bytes)
Event: 29,987 Thread 0x00007fa6c40ce000 nmethod 4123 0x00007fa6b58cc350 code [0x00007fa6b58cc4a0, 0x00007fa6b58cc5b0]
Event: 29,988 Thread 0x00007fa6c40ce000 4124       1       java.io.ObjectInputStream$BlockDataInputStream::readShort (73 bytes)
Event: 29,989 Thread 0x00007fa6c40ce000 nmethod 4124 0x00007fa6b58cc610 code [0x00007fa6b58cc780, 0x00007fa6b58cc998]

GC Heap History (10 events):
Event: 18,003 GC heap after
Heap after GC invocations=13 (full 2):
 PSYoungGen      total 212992K, used 13753K [0x00000000d7180000, 0x00000000e7f00000, 0x0000000100000000)
  eden space 184320K, 0% used [0x00000000d7180000,0x00000000d7180000,0x00000000e2580000)
  from space 28672K, 47% used [0x00000000e2580000,0x00000000e32ee520,0x00000000e4180000)
  to   space 27648K, 0% used [0x00000000e6400000,0x00000000e6400000,0x00000000e7f00000)
 ParOldGen       total 92160K, used 64988K [0x0000000085400000, 0x000000008ae00000, 0x00000000d7180000)
  object space 92160K, 70% used [0x0000000085400000,0x0000000089377380,0x000000008ae00000)
 Metaspace       used 40812K, capacity 42412K, committed 42880K, reserved 1085440K
  class space    used 5559K, capacity 5909K, committed 6016K, reserved 1048576K
}
Event: 21,131 GC heap before
{Heap before GC invocations=14 (full 2):
 PSYoungGen      total 212992K, used 198073K [0x00000000d7180000, 0x00000000e7f00000, 0x0000000100000000)
  eden space 184320K, 100% used [0x00000000d7180000,0x00000000e2580000,0x00000000e2580000)
  from space 28672K, 47% used [0x00000000e2580000,0x00000000e32ee520,0x00000000e4180000)
  to   space 27648K, 0% used [0x00000000e6400000,0x00000000e6400000,0x00000000e7f00000)
 ParOldGen       total 92160K, used 64988K [0x0000000085400000, 0x000000008ae00000, 0x00000000d7180000)
  object space 92160K, 70% used [0x0000000085400000,0x0000000089377380,0x000000008ae00000)
 Metaspace       used 40812K, capacity 42412K, committed 42880K, reserved 1085440K
  class space    used 5559K, capacity 5909K, committed 6016K, reserved 1048576K
Event: 21,158 GC heap after
Heap after GC invocations=14 (full 2):
 PSYoungGen      total 244736K, used 27424K [0x00000000d7180000, 0x00000000e8380000, 0x0000000100000000)
  eden space 217088K, 0% used [0x00000000d7180000,0x00000000d7180000,0x00000000e4580000)
  from space 27648K, 99% used [0x00000000e6400000,0x00000000e7ec8368,0x00000000e7f00000)
  to   space 31232K, 0% used [0x00000000e4580000,0x00000000e4580000,0x00000000e6400000)
 ParOldGen       total 92160K, used 64996K [0x0000000085400000, 0x000000008ae00000, 0x00000000d7180000)
  object space 92160K, 70% used [0x0000000085400000,0x0000000089379380,0x000000008ae00000)
 Metaspace       used 40812K, capacity 42412K, committed 42880K, reserved 1085440K
  class space    used 5559K, capacity 5909K, committed 6016K, reserved 1048576K
}
Event: 24,871 GC heap before
{Heap before GC invocations=15 (full 2):
 PSYoungGen      total 244736K, used 244512K [0x00000000d7180000, 0x00000000e8380000, 0x0000000100000000)
  eden space 217088K, 100% used [0x00000000d7180000,0x00000000e4580000,0x00000000e4580000)
  from space 27648K, 99% used [0x00000000e6400000,0x00000000e7ec8368,0x00000000e7f00000)
  to   space 31232K, 0% used [0x00000000e4580000,0x00000000e4580000,0x00000000e6400000)
 ParOldGen       total 92160K, used 64996K [0x0000000085400000, 0x000000008ae00000, 0x00000000d7180000)
  object space 92160K, 70% used [0x0000000085400000,0x0000000089379380,0x000000008ae00000)
 Metaspace       used 40812K, capacity 42412K, committed 42880K, reserved 1085440K
  class space    used 5559K, capacity 5909K, committed 6016K, reserved 1048576K
Event: 24,903 GC heap after
Heap after GC invocations=15 (full 2):
 PSYoungGen      total 248320K, used 31200K [0x00000000d7180000, 0x00000000eb900000, 0x0000000100000000)
  eden space 217088K, 0% used [0x00000000d7180000,0x00000000d7180000,0x00000000e4580000)
  from space 31232K, 99% used [0x00000000e4580000,0x00000000e63f8368,0x00000000e6400000)
  to   space 40448K, 0% used [0x00000000e9180000,0x00000000e9180000,0x00000000eb900000)
 ParOldGen       total 92160K, used 77020K [0x0000000085400000, 0x000000008ae00000, 0x00000000d7180000)
  object space 92160K, 83% used [0x0000000085400000,0x0000000089f37380,0x000000008ae00000)
 Metaspace       used 40812K, capacity 42412K, committed 42880K, reserved 1085440K
  class space    used 5559K, capacity 5909K, committed 6016K, reserved 1048576K
}
Event: 24,903 GC heap before
{Heap before GC invocations=16 (full 3):
 PSYoungGen      total 248320K, used 31200K [0x00000000d7180000, 0x00000000eb900000, 0x0000000100000000)
  eden space 217088K, 0% used [0x00000000d7180000,0x00000000d7180000,0x00000000e4580000)
  from space 31232K, 99% used [0x00000000e4580000,0x00000000e63f8368,0x00000000e6400000)
  to   space 40448K, 0% used [0x00000000e9180000,0x00000000e9180000,0x00000000eb900000)
 ParOldGen       total 92160K, used 77020K [0x0000000085400000, 0x000000008ae00000, 0x00000000d7180000)
  object space 92160K, 83% used [0x0000000085400000,0x0000000089f37380,0x000000008ae00000)
 Metaspace       used 40812K, capacity 42412K, committed 42880K, reserved 1085440K
  class space    used 5559K, capacity 5909K, committed 6016K, reserved 1048576K
Event: 25,201 GC heap after
Heap after GC invocations=16 (full 3):
 PSYoungGen      total 248320K, used 0K [0x00000000d7180000, 0x00000000eb900000, 0x0000000100000000)
  eden space 217088K, 0% used [0x00000000d7180000,0x00000000d7180000,0x00000000e4580000)
  from space 31232K, 0% used [0x00000000e4580000,0x00000000e4580000,0x00000000e6400000)
  to   space 40448K, 0% used [0x00000000e9180000,0x00000000e9180000,0x00000000eb900000)
 ParOldGen       total 203264K, used 90305K [0x0000000085400000, 0x0000000091a80000, 0x00000000d7180000)
  object space 203264K, 44% used [0x0000000085400000,0x000000008ac306d0,0x0000000091a80000)
 Metaspace       used 40812K, capacity 42412K, committed 42880K, reserved 1085440K
  class space    used 5559K, capacity 5909K, committed 6016K, reserved 1048576K
}
Event: 28,945 GC heap before
{Heap before GC invocations=17 (full 3):
 PSYoungGen      total 248320K, used 217088K [0x00000000d7180000, 0x00000000eb900000, 0x0000000100000000)
  eden space 217088K, 100% used [0x00000000d7180000,0x00000000e4580000,0x00000000e4580000)
  from space 31232K, 0% used [0x00000000e4580000,0x00000000e4580000,0x00000000e6400000)
  to   space 40448K, 0% used [0x00000000e9180000,0x00000000e9180000,0x00000000eb900000)
 ParOldGen       total 203264K, used 90305K [0x0000000085400000, 0x0000000091a80000, 0x00000000d7180000)
  object space 203264K, 44% used [0x0000000085400000,0x000000008ac306d0,0x0000000091a80000)
 Metaspace       used 40812K, capacity 42412K, committed 42880K, reserved 1085440K
  class space    used 5559K, capacity 5909K, committed 6016K, reserved 1048576K
Event: 28,964 GC heap after
Heap after GC invocations=17 (full 3):
 PSYoungGen      total 291840K, used 16401K [0x00000000d7180000, 0x00000000eb580000, 0x0000000100000000)
  eden space 254976K, 0% used [0x00000000d7180000,0x00000000d7180000,0x00000000e6a80000)
  from space 36864K, 44% used [0x00000000e9180000,0x00000000ea184518,0x00000000eb580000)
  to   space 38400K, 0% used [0x00000000e6a80000,0x00000000e6a80000,0x00000000e9000000)
 ParOldGen       total 203264K, used 90305K [0x0000000085400000, 0x0000000091a80000, 0x00000000d7180000)
  object space 203264K, 44% used [0x0000000085400000,0x000000008ac306d0,0x0000000091a80000)
 Metaspace       used 40812K, capacity 42412K, committed 42880K, reserved 1085440K
  class space    used 5559K, capacity 5909K, committed 6016K, reserved 1048576K
}
Event: 29,990 GC heap before
{Heap before GC invocations=18 (full 3):
 PSYoungGen      total 291840K, used 271377K [0x00000000d7180000, 0x00000000eb580000, 0x0000000100000000)
  eden space 254976K, 100% used [0x00000000d7180000,0x00000000e6a80000,0x00000000e6a80000)
  from space 36864K, 44% used [0x00000000e9180000,0x00000000ea184518,0x00000000eb580000)
  to   space 38400K, 0% used [0x00000000e6a80000,0x00000000e6a80000,0x00000000e9000000)
 ParOldGen       total 203264K, used 90305K [0x0000000085400000, 0x0000000091a80000, 0x00000000d7180000)
  object space 203264K, 44% used [0x0000000085400000,0x000000008ac306d0,0x0000000091a80000)
 Metaspace       used 46453K, capacity 48582K, committed 48768K, reserved 1091584K
  class space    used 6290K, capacity 6702K, committed 6784K, reserved 1048576K

Deoptimization events (0 events):
No events

Classes redefined (0 events):
No events

Internal exceptions (10 events):
Event: 29,983 Thread 0x00007fa6c400f000 Exception <a 'java/lang/ClassNotFoundException': org/springframework/transaction/PlatformTransactionManagerCustomizer> (0x00000000e695f008) thrown at [/HUDSON/workspace/8-2-build-linux-amd64/jdk8u181/11358/hotspot/src/share/vm/classfile/systemDictionary.c
Event: 29,985 Thread 0x00007fa6c400f000 Exception <a 'java/lang/ClassNotFoundException': java/lang/ObjectCustomizer> (0x00000000e6999230) thrown at [/HUDSON/workspace/8-2-build-linux-amd64/jdk8u181/11358/hotspot/src/share/vm/classfile/systemDictionary.cpp, line 210]
Event: 29,985 Thread 0x00007fa6c400f000 Exception <a 'java/lang/ClassNotFoundException': org/springframework/boot/autoconfigure/orm/jpa/HibernateJpaAutoConfigurationCustomizer> (0x00000000e69b4c00) thrown at [/HUDSON/workspace/8-2-build-linux-amd64/jdk8u181/11358/hotspot/src/share/vm/classfile/
Event: 29,985 Thread 0x00007fa6c400f000 Exception <a 'java/lang/ClassNotFoundException': org/springframework/boot/autoconfigure/orm/jpa/HibernateJpaAutoConfiguration$$EnhancerBySpringCGLIB$$70a4ded7Customizer> (0x00000000e69d4ab8) thrown at [/HUDSON/workspace/8-2-build-linux-amd64/jdk8u181/1135
Event: 29,985 Thread 0x00007fa6c400f000 Exception <a 'java/lang/ClassNotFoundException': org/springframework/context/annotation/ConfigurationClassEnhancer$EnhancedConfigurationCustomizer> (0x00000000e69f4ab8) thrown at [/HUDSON/workspace/8-2-build-linux-amd64/jdk8u181/11358/hotspot/src/share/vm
Event: 29,986 Thread 0x00007fa6c400f000 Exception <a 'java/lang/ClassNotFoundException': java/lang/ObjectCustomizer> (0x00000000e6a04068) thrown at [/HUDSON/workspace/8-2-build-linux-amd64/jdk8u181/11358/hotspot/src/share/vm/classfile/systemDictionary.cpp, line 210]
Event: 29,986 Thread 0x00007fa6c400f000 Exception <a 'java/lang/ClassNotFoundException': org/springframework/boot/autoconfigure/data/jpa/JpaRepositoriesAutoConfigurationCustomizer> (0x00000000e6a20320) thrown at [/HUDSON/workspace/8-2-build-linux-amd64/jdk8u181/11358/hotspot/src/share/vm/classf
Event: 29,986 Thread 0x00007fa6c400f000 Exception <a 'java/lang/ClassNotFoundException': org/springframework/boot/autoconfigure/data/jpa/JpaRepositoriesAutoConfiguration$$EnhancerBySpringCGLIB$$b6f9686bCustomizer> (0x00000000e6a412b0) thrown at [/HUDSON/workspace/8-2-build-linux-amd64/jdk8u181/
Event: 29,986 Thread 0x00007fa6c400f000 Exception <a 'java/lang/ClassNotFoundException': org/springframework/context/annotation/ConfigurationClassEnhancer$EnhancedConfigurationCustomizer> (0x00000000e6a61728) thrown at [/HUDSON/workspace/8-2-build-linux-amd64/jdk8u181/11358/hotspot/src/share/vm
Event: 29,987 Thread 0x00007fa6c400f000 Exception <a 'java/lang/ArrayIndexOutOfBoundsException'> (0x00000000e6a76650) thrown at [/HUDSON/workspace/8-2-build-linux-amd64/jdk8u181/11358/hotspot/src/share/vm/runtime/sharedRuntime.cpp, line 605]

Events (10 events):
Event: 29,986 loading class org/springframework/boot/autoconfigure/data/jpa/JpaRepositoriesAutoConfiguration$$EnhancerBySpringCGLIB$$b6f9686bCustomizer
Event: 29,986 loading class org/springframework/boot/autoconfigure/data/jpa/JpaRepositoriesAutoConfiguration$$EnhancerBySpringCGLIB$$b6f9686bCustomizer done
Event: 29,986 loading class org/springframework/context/annotation/ConfigurationClassEnhancer$EnhancedConfigurationCustomizer
Event: 29,986 loading class org/springframework/context/annotation/ConfigurationClassEnhancer$EnhancedConfigurationCustomizer done
Event: 29,986 loading class org/springframework/context/annotation/ConfigurationClassEnhancer$EnhancedConfigurationCustomizer
Event: 29,986 loading class org/springframework/context/annotation/ConfigurationClassEnhancer$EnhancedConfigurationCustomizer done
Event: 29,986 loading class org/springframework/context/annotation/ConfigurationClassEnhancer$EnhancedConfigurationCustomizer
Event: 29,986 loading class org/springframework/context/annotation/ConfigurationClassEnhancer$EnhancedConfigurationCustomizer done
Event: 29,989 loading class sun/reflect/misc/MethodUtil
Event: 29,989 Executing VM operation: ParallelGCFailedAllocation


Dynamic libraries:
00400000-00401000 r-xp 00000000 fd:00 4721091                            /usr/lib/jvm/java-8-oracle/bin/java
00600000-00601000 rw-p 00000000 fd:00 4721091                            /usr/lib/jvm/java-8-oracle/bin/java
01286000-012a7000 rw-p 00000000 00:00 0                                  [heap]
85400000-91a80000 rw-p 00000000 00:00 0 
91a80000-d7180000 ---p 00000000 00:00 0 
d7180000-eb580000 rw-p 00000000 00:00 0 
f0f80000-100000000 ---p 00000000 00:00 0 
100000000-1006a0000 rw-p 00000000 00:00 0 
1006a0000-140000000 ---p 00000000 00:00 0 
7fa620000000-7fa620021000 rw-p 00000000 00:00 0 
7fa620021000-7fa624000000 ---p 00000000 00:00 0 
7fa624000000-7fa624021000 rw-p 00000000 00:00 0 
7fa624021000-7fa628000000 ---p 00000000 00:00 0 
7fa628000000-7fa628021000 rw-p 00000000 00:00 0 
7fa628021000-7fa62c000000 ---p 00000000 00:00 0 
7fa62c000000-7fa62c021000 rw-p 00000000 00:00 0 
7fa62c021000-7fa630000000 ---p 00000000 00:00 0 
7fa630000000-7fa63005e000 rw-p 00000000 00:00 0 
7fa63005e000-7fa634000000 ---p 00000000 00:00 0 
7fa634000000-7fa634021000 rw-p 00000000 00:00 0 
7fa634021000-7fa638000000 ---p 00000000 00:00 0 
7fa638000000-7fa638021000 rw-p 00000000 00:00 0 
7fa638021000-7fa63c000000 ---p 00000000 00:00 0 
7fa63c000000-7fa63c021000 rw-p 00000000 00:00 0 
7fa63c021000-7fa640000000 ---p 00000000 00:00 0 
7fa640000000-7fa640021000 rw-p 00000000 00:00 0 
7fa640021000-7fa644000000 ---p 00000000 00:00 0 
7fa644000000-7fa644021000 rw-p 00000000 00:00 0 
7fa644021000-7fa648000000 ---p 00000000 00:00 0 
7fa648000000-7fa648021000 rw-p 00000000 00:00 0 
7fa648021000-7fa64c000000 ---p 00000000 00:00 0 
7fa64c000000-7fa64c508000 rw-p 00000000 00:00 0 
7fa64c508000-7fa650000000 ---p 00000000 00:00 0 
7fa650000000-7fa650021000 rw-p 00000000 00:00 0 
7fa650021000-7fa654000000 ---p 00000000 00:00 0 
7fa654000000-7fa654021000 rw-p 00000000 00:00 0 
7fa654021000-7fa658000000 ---p 00000000 00:00 0 
7fa658000000-7fa658021000 rw-p 00000000 00:00 0 
7fa658021000-7fa65c000000 ---p 00000000 00:00 0 
7fa65c000000-7fa65c021000 rw-p 00000000 00:00 0 
7fa65c021000-7fa660000000 ---p 00000000 00:00 0 
7fa660000000-7fa660021000 rw-p 00000000 00:00 0 
7fa660021000-7fa664000000 ---p 00000000 00:00 0 
7fa664000000-7fa66471b000 rw-p 00000000 00:00 0 
7fa66471b000-7fa668000000 ---p 00000000 00:00 0 
7fa668000000-7fa668066000 rw-p 00000000 00:00 0 
7fa668066000-7fa66c000000 ---p 00000000 00:00 0 
7fa66c000000-7fa66c021000 rw-p 00000000 00:00 0 
7fa66c021000-7fa670000000 ---p 00000000 00:00 0 
7fa670000000-7fa670021000 rw-p 00000000 00:00 0 
7fa670021000-7fa674000000 ---p 00000000 00:00 0 
7fa674000000-7fa674021000 rw-p 00000000 00:00 0 
7fa674021000-7fa678000000 ---p 00000000 00:00 0 
7fa678000000-7fa6782aa000 rw-p 00000000 00:00 0 
7fa6782aa000-7fa67c000000 ---p 00000000 00:00 0 
7fa67c000000-7fa67c021000 rw-p 00000000 00:00 0 
7fa67c021000-7fa680000000 ---p 00000000 00:00 0 
7fa680000000-7fa680021000 rw-p 00000000 00:00 0 
7fa680021000-7fa684000000 ---p 00000000 00:00 0 
7fa684000000-7fa684021000 rw-p 00000000 00:00 0 
7fa684021000-7fa688000000 ---p 00000000 00:00 0 
7fa688000000-7fa688021000 rw-p 00000000 00:00 0 
7fa688021000-7fa68c000000 ---p 00000000 00:00 0 
7fa690000000-7fa690021000 rw-p 00000000 00:00 0 
7fa690021000-7fa694000000 ---p 00000000 00:00 0 
7fa698000000-7fa698021000 rw-p 00000000 00:00 0 
7fa698021000-7fa69c000000 ---p 00000000 00:00 0 
7fa69dcfb000-7fa69ddfb000 rw-p 00000000 00:00 0 
7fa69ddfb000-7fa69defb000 ---p 00000000 00:00 0 
7fa69defb000-7fa69e0fb000 rw-p 00000000 00:00 0 
7fa69e0fb000-7fa69e2fb000 rw-p 00000000 00:00 0 
7fa69e2fb000-7fa69e4fb000 rw-p 00000000 00:00 0 
7fa69e4fb000-7fa69e6fb000 rw-p 00000000 00:00 0 
7fa69e6fb000-7fa69e8fb000 rw-p 00000000 00:00 0 
7fa69e8fb000-7fa69e8fe000 ---p 00000000 00:00 0 
7fa69e8fe000-7fa69e9fc000 rw-p 00000000 00:00 0 
7fa69e9fc000-7fa69e9ff000 ---p 00000000 00:00 0 
7fa69e9ff000-7fa69ecfd000 rw-p 00000000 00:00 0 
7fa69ecfd000-7fa69ed00000 ---p 00000000 00:00 0 
7fa69ed00000-7fa69edfe000 rw-p 00000000 00:00 0 
7fa69edfe000-7fa69ee01000 ---p 00000000 00:00 0 
7fa69ee01000-7fa69eeff000 rw-p 00000000 00:00 0 
7fa69eeff000-7fa69ef02000 ---p 00000000 00:00 0 
7fa69ef02000-7fa69f200000 rw-p 00000000 00:00 0 
7fa69f200000-7fa69f400000 rw-p 00000000 00:00 0 
7fa69f400000-7fa69f600000 rw-p 00000000 00:00 0 
7fa69f600000-7fa69f800000 rw-p 00000000 00:00 0 
7fa69f800000-7fa69fa00000 rw-p 00000000 00:00 0 
7fa69fa00000-7fa69fc00000 rw-p 00000000 00:00 0 
7fa69fc00000-7fa69fe00000 rw-p 00000000 00:00 0 
7fa69fe00000-7fa6a0000000 rw-p 00000000 00:00 0 
7fa6a0000000-7fa6a0021000 rw-p 00000000 00:00 0 
7fa6a0021000-7fa6a4000000 ---p 00000000 00:00 0 
7fa6a4096000-7fa6a409b000 r--s 002f9000 fd:00 4734022                    /usr/lib/jvm/java-8-oracle/jre/lib/charsets.jar
7fa6a409b000-7fa6a409e000 ---p 00000000 00:00 0 
7fa6a409e000-7fa6a419c000 rw-p 00000000 00:00 0 
7fa6a419c000-7fa6a41af000 r--s 00345000 fd:00 4734062                    /usr/lib/jvm/java-8-oracle/jre/lib/resources.jar
7fa6a41af000-7fa6a4244000 r--s 0110e000 fd:00 4734086                    /usr/lib/jvm/java-8-oracle/jre/lib/ext/jfxrt.jar
7fa6a4244000-7fa6a4247000 ---p 00000000 00:00 0 
7fa6a4247000-7fa6a4345000 rw-p 00000000 00:00 0 
7fa6a4345000-7fa6a434f000 r--s 00116000 fd:00 4734092                    /usr/lib/jvm/java-8-oracle/jre/lib/ext/localedata.jar
7fa6a434f000-7fa6a436b000 r--s 00393000 fd:00 4734085                    /usr/lib/jvm/java-8-oracle/jre/lib/ext/cldrdata.jar
7fa6a436b000-7fa6a436e000 ---p 00000000 00:00 0 
7fa6a436e000-7fa6a446c000 rw-p 00000000 00:00 0 
7fa6a446c000-7fa6a446f000 ---p 00000000 00:00 0 
7fa6a446f000-7fa6a456d000 rw-p 00000000 00:00 0 
7fa6a456d000-7fa6a4570000 ---p 00000000 00:00 0 
7fa6a4570000-7fa6a486e000 rw-p 00000000 00:00 0 
7fa6a486e000-7fa6a4871000 ---p 00000000 00:00 0 
7fa6a4871000-7fa6a4b6f000 rw-p 00000000 00:00 0 
7fa6a4b6f000-7fa6a4b70000 ---p 00000000 00:00 0 
7fa6a4b70000-7fa6a4c70000 rw-p 00000000 00:00 0 
7fa6a4c70000-7fa6a4c73000 ---p 00000000 00:00 0 
7fa6a4c73000-7fa6a4d71000 rw-p 00000000 00:00 0 
7fa6a4d71000-7fa6a4d74000 ---p 00000000 00:00 0 
7fa6a4d74000-7fa6a4e72000 rw-p 00000000 00:00 0 
7fa6a4e72000-7fa6a4e75000 ---p 00000000 00:00 0 
7fa6a4e75000-7fa6a4f73000 rw-p 00000000 00:00 0 
7fa6a4f73000-7fa6a4f78000 r--s 0009d000 fd:00 4734081                    /usr/lib/jvm/java-8-oracle/jre/lib/jsse.jar
7fa6a4f78000-7fa6a4f80000 r--s 00072000 fd:00 3032866                    /home/toands/.m2/repository/org/apache/commons/commons-lang3/3.7/commons-lang3-3.7.jar
7fa6a4f80000-7fa6a4f82000 r--s 0000c000 fd:00 2401486                    /home/toands/.m2/repository/org/ow2/asm/asm/5.0.4/asm-5.0.4.jar
7fa6a4f82000-7fa6a4f84000 r--s 00006000 fd:00 2401484                    /home/toands/.m2/repository/net/minidev/accessors-smart/1.2/accessors-smart-1.2.jar
7fa6a4f84000-7fa6a4f87000 r--s 0001b000 fd:00 2401482                    /home/toands/.m2/repository/net/minidev/json-smart/2.3/json-smart-2.3.jar
7fa6a4f87000-7fa6a4f89000 r--s 00000000 fd:00 1706718                    /home/toands/.m2/repository/com/github/stephenc/jcip/jcip-annotations/1.0-1/jcip-annotations-1.0-1.jar
7fa6a4f89000-7fa6a4f8f000 r--s 00048000 fd:00 1706716                    /home/toands/.m2/repository/com/nimbusds/nimbus-jose-jwt/5.14/nimbus-jose-jwt-5.14.jar
7fa6a4f8f000-7fa6a4f91000 r--s 00004000 fd:00 2401510                    /home/toands/.m2/repository/org/springframework/spring-jcl/5.0.8.RELEASE/spring-jcl-5.0.8.RELEASE.jar
7fa6a4f91000-7fa6a4fa9000 r--s 00114000 fd:00 2401508                    /home/toands/.m2/repository/org/springframework/spring-core/5.0.8.RELEASE/spring-core-5.0.8.RELEASE.jar
7fa6a4fa9000-7fa6a4fb3000 r--s 000ec000 fd:00 2401472                    /home/toands/.m2/repository/mysql/mysql-connector-java/5.1.46/mysql-connector-java-5.1.46.jar
7fa6a4fb3000-7fa6a4fb8000 r--s 00040000 fd:00 2401470                    /home/toands/.m2/repository/org/springframework/spring-expression/5.0.8.RELEASE/spring-expression-5.0.8.RELEASE.jar
7fa6a4fb8000-7fa6a4fc8000 r--s 000b2000 fd:00 2401468                    /home/toands/.m2/repository/org/springframework/spring-webmvc/5.0.8.RELEASE/spring-webmvc-5.0.8.RELEASE.jar
7fa6a4fc8000-7fa6a4fe2000 r--s 0011b000 fd:00 2401466                    /home/toands/.m2/repository/org/springframework/spring-web/5.0.8.RELEASE/spring-web-5.0.8.RELEASE.jar
7fa6a4fe2000-7fa6a4fe7000 r--s 00012000 fd:00 2401464                    /home/toands/.m2/repository/javax/validation/validation-api/2.0.1.Final/validation-api-2.0.1.Final.jar
7fa6a4fe7000-7fa6a5004000 r--s 000fe000 fd:00 2401462                    /home/toands/.m2/repository/org/hibernate/validator/hibernate-validator/6.0.11.Final/hibernate-validator-6.0.11.Final.jar
7fa6a5004000-7fa6a5009000 r--s 0003a000 fd:00 2401460                    /home/toands/.m2/repository/org/apache/tomcat/embed/tomcat-embed-websocket/8.5.32/tomcat-embed-websocket-8.5.32.jar
7fa6a5009000-7fa6a500e000 r--s 00037000 fd:00 2401458                    /home/toands/.m2/repository/org/apache/tomcat/embed/tomcat-embed-el/8.5.32/tomcat-embed-el-8.5.32.jar
7fa6a500e000-7fa6a5037000 r--s 002d3000 fd:00 2401456                    /home/toands/.m2/repository/org/apache/tomcat/embed/tomcat-embed-core/8.5.32/tomcat-embed-core-8.5.32.jar
7fa6a5037000-7fa6a5038000 r--s 00000000 fd:00 2401454                    /home/toands/.m2/repository/org/springframework/boot/spring-boot-starter-tomcat/2.0.4.RELEASE/spring-boot-starter-tomcat-2.0.4.RELEASE.jar
7fa6a5038000-7fa6a503a000 r--s 00001000 fd:00 2401452                    /home/toands/.m2/repository/com/fasterxml/jackson/module/jackson-module-parameter-names/2.9.6/jackson-module-parameter-names-2.9.6.jar
7fa6a503a000-7fa6a503d000 r--s 00016000 fd:00 2401450                    /home/toands/.m2/repository/com/fasterxml/jackson/datatype/jackson-datatype-jsr310/2.9.6/jackson-datatype-jsr310-2.9.6.jar
7fa6a503d000-7fa6a503f000 r--s 00007000 fd:00 2401448                    /home/toands/.m2/repository/com/fasterxml/jackson/datatype/jackson-datatype-jdk8/2.9.6/jackson-datatype-jdk8-2.9.6.jar
7fa6a503f000-7fa6a5044000 r--s 0004b000 fd:00 2401446                    /home/toands/.m2/repository/com/fasterxml/jackson/core/jackson-core/2.9.6/jackson-core-2.9.6.jar
7fa6a5044000-7fa6a5047000 r--s 0000e000 fd:00 2401444                    /home/toands/.m2/repository/com/fasterxml/jackson/core/jackson-annotations/2.9.0/jackson-annotations-2.9.0.jar
7fa6a5047000-7fa6a505a000 r--s 00137000 fd:00 1706678                    /home/toands/.m2/repository/com/fasterxml/jackson/core/jackson-databind/2.9.6/jackson-databind-2.9.6.jar
7fa6a505a000-7fa6a505c000 r--s 0000a000 fd:00 2401426                    /home/toands/.m2/repository/org/springframework/spring-aspects/5.0.8.RELEASE/spring-aspects-5.0.8.RELEASE.jar
7fa6a505c000-7fa6a505e000 r--s 00009000 fd:00 2401424                    /home/toands/.m2/repository/org/slf4j/slf4j-api/1.7.25/slf4j-api-1.7.25.jar
7fa6a505e000-7fa6a506b000 r--s 00095000 fd:00 2401422                    /home/toands/.m2/repository/org/springframework/spring-beans/5.0.8.RELEASE/spring-beans-5.0.8.RELEASE.jar
7fa6a506b000-7fa6a5073000 r--s 00037000 fd:00 2401420                    /home/toands/.m2/repository/org/springframework/spring-tx/5.0.8.RELEASE/spring-tx-5.0.8.RELEASE.jar
7fa6a5073000-7fa6a508d000 r--s 000f1000 fd:00 2401418                    /home/toands/.m2/repository/org/springframework/spring-context/5.0.8.RELEASE/spring-context-5.0.8.RELEASE.jar
7fa6a508d000-7fa6a5091000 r--s 0002b000 fd:00 2401416                    /home/toands/.m2/repository/org/springframework/spring-orm/5.0.8.RELEASE/spring-orm-5.0.8.RELEASE.jar
7fa6a5091000-7fa6a50a8000 r--s 000f1000 fd:00 2401414                    /home/toands/.m2/repository/org/springframework/data/spring-data-commons/2.0.9.RELEASE/spring-data-commons-2.0.9.RELEASE.jar
7fa6a50a8000-7fa6a50b0000 r--s 0004b000 fd:00 2401412                    /home/toands/.m2/repository/org/springframework/data/spring-data-jpa/2.0.9.RELEASE/spring-data-jpa-2.0.9.RELEASE.jar
7fa6a50b0000-7fa6a50b2000 r--s 00006000 fd:00 2401410                    /home/toands/.m2/repository/javax/transaction/javax.transaction-api/1.2/javax.transaction-api-1.2.jar
7fa6a50b2000-7fa6a50b5000 r--s 00010000 fd:00 2401408                    /home/toands/.m2/repository/org/hibernate/common/hibernate-commons-annotations/5.0.1.Final/hibernate-commons-annotations-5.0.1.Final.jar
7fa6a50b5000-7fa6a50ba000 r--s 00048000 fd:00 2401406                    /home/toands/.m2/repository/dom4j/dom4j/1.6.1/dom4j-1.6.1.jar
7fa6a50ba000-7fa6a50bc000 r--s 0000e000 fd:00 2401404                    /home/toands/.m2/repository/com/fasterxml/classmate/1.3.4/classmate-1.3.4.jar
7fa6a50bc000-7fa6a50c1000 r--s 00068000 fd:00 2401400                    /home/toands/.m2/repository/antlr/antlr/2.7.7/antlr-2.7.7.jar
7fa6a50c1000-7fa6a50cb000 r--s 000ab000 fd:00 2401398                    /home/toands/.m2/repository/org/javassist/javassist/3.22.0-GA/javassist-3.22.0-GA.jar
7fa6a50cb000-7fa6a5149000 r--s 005f0000 fd:00 2401392                    /home/toands/.m2/repository/org/hibernate/hibernate-core/5.2.17.Final/hibernate-core-5.2.17.Final.jar
7fa6a5149000-7fa6a5162000 r--s 001bf000 fd:00 2401386                    /home/toands/.m2/repository/org/aspectj/aspectjweaver/1.8.13/aspectjweaver-1.8.13.jar
7fa6a5162000-7fa6a5173000 r-xp 00000000 fd:00 4733916                    /usr/lib/jvm/java-8-oracle/jre/lib/amd64/libnio.so
7fa6a5173000-7fa6a5372000 ---p 00011000 fd:00 4733916                    /usr/lib/jvm/java-8-oracle/jre/lib/amd64/libnio.so
7fa6a5372000-7fa6a5373000 rw-p 00010000 fd:00 4733916                    /usr/lib/jvm/java-8-oracle/jre/lib/amd64/libnio.so
7fa6a5373000-7fa6a5389000 r-xp 00000000 fd:00 4733913                    /usr/lib/jvm/java-8-oracle/jre/lib/amd64/libnet.so
7fa6a5389000-7fa6a5589000 ---p 00016000 fd:00 4733913                    /usr/lib/jvm/java-8-oracle/jre/lib/amd64/libnet.so
7fa6a5589000-7fa6a558a000 rw-p 00016000 fd:00 4733913                    /usr/lib/jvm/java-8-oracle/jre/lib/amd64/libnet.so
7fa6a558a000-7fa6a5593000 r-xp 00000000 fd:00 4733921                    /usr/lib/jvm/java-8-oracle/jre/lib/amd64/libmanagement.so
7fa6a5593000-7fa6a5792000 ---p 00009000 fd:00 4733921                    /usr/lib/jvm/java-8-oracle/jre/lib/amd64/libmanagement.so
7fa6a5792000-7fa6a5793000 rw-p 00008000 fd:00 4733921                    /usr/lib/jvm/java-8-oracle/jre/lib/amd64/libmanagement.so
7fa6a5793000-7fa6a5796000 ---p 00000000 00:00 0 
7fa6a5796000-7fa6a5894000 rw-p 00000000 00:00 0 
7fa6a5894000-7fa6a5895000 ---p 00000000 00:00 0 
7fa6a5895000-7fa6a5898000 ---p 00000000 00:00 0 
7fa6a5898000-7fa6a5995000 rw-p 00000000 00:00 0 
7fa6a5995000-7fa6a5996000 ---p 00000000 00:00 0 
7fa6a5996000-7fa6a5999000 ---p 00000000 00:00 0 
7fa6a5999000-7fa6a5a96000 rw-p 00000000 00:00 0 
7fa6a5a96000-7fa6a5a97000 ---p 00000000 00:00 0 
7fa6a5a97000-7fa6a5a9a000 ---p 00000000 00:00 0 
7fa6a5a9a000-7fa6a5b97000 rw-p 00000000 00:00 0 
7fa6a5b97000-7fa6a5b98000 ---p 00000000 00:00 0 
7fa6a5b98000-7fa6a5b9b000 ---p 00000000 00:00 0 
7fa6a5b9b000-7fa6a5c98000 rw-p 00000000 00:00 0 
7fa6a5c98000-7fa6a5c9b000 ---p 00000000 00:00 0 
7fa6a5c9b000-7fa6a5d99000 rw-p 00000000 00:00 0 
7fa6a5d99000-7fa6a68e9000 r--p 00000000 fd:00 4725445                    /usr/lib/locale/locale-archive
7fa6a68e9000-7fa6a68ec000 ---p 00000000 00:00 0 
7fa6a68ec000-7fa6a69ea000 rw-p 00000000 00:00 0 
7fa6a69ea000-7fa6a69ed000 ---p 00000000 00:00 0 
7fa6a69ed000-7fa6a6aeb000 rw-p 00000000 00:00 0 
7fa6a6aeb000-7fa6a6aec000 ---p 00000000 00:00 0 
7fa6a6aec000-7fa6a8000000 rw-p 00000000 00:00 0 
7fa6a8000000-7fa6a8021000 rw-p 00000000 00:00 0 
7fa6a8021000-7fa6ac000000 ---p 00000000 00:00 0 
7fa6ac000000-7fa6ac001000 r--s 00000000 fd:00 2401442                    /home/toands/.m2/repository/org/springframework/boot/spring-boot-starter-json/2.0.4.RELEASE/spring-boot-starter-json-2.0.4.RELEASE.jar
7fa6ac001000-7fa6ac004000 r--s 0002b000 fd:00 2401402                    /home/toands/.m2/repository/org/jboss/jandex/2.0.3.Final/jandex-2.0.3.Final.jar
7fa6ac004000-7fa6ac00d000 r--s 00059000 fd:00 2401390                    /home/toands/.m2/repository/org/springframework/spring-jdbc/5.0.8.RELEASE/spring-jdbc-5.0.8.RELEASE.jar
7fa6ac00d000-7fa6ac016000 r--s 00051000 fd:00 2401384                    /home/toands/.m2/repository/org/springframework/spring-aop/5.0.8.RELEASE/spring-aop-5.0.8.RELEASE.jar
7fa6ac016000-7fa6ac037000 r--s 000fd000 fd:00 2401364                    /home/toands/.m2/repository/org/springframework/boot/spring-boot-autoconfigure/2.0.4.RELEASE/spring-boot-autoconfigure-2.0.4.RELEASE.jar
7fa6ac037000-7fa6ac04c000 r--s 000d0000 fd:00 2401362                    /home/toands/.m2/repository/org/springframework/boot/spring-boot/2.0.4.RELEASE/spring-boot-2.0.4.RELEASE.jar
7fa6ac04c000-7fa6b0000000 rw-p 00000000 00:00 0 
7fa6b0000000-7fa6b0021000 rw-p 00000000 00:00 0 
7fa6b0021000-7fa6b4000000 ---p 00000000 00:00 0 
7fa6b4000000-7fa6b4005000 r--s 00017000 fd:00 2401396                    /home/toands/.m2/repository/org/hibernate/javax/persistence/hibernate-jpa-2.1-api/1.0.2.Final/hibernate-jpa-2.1-api-1.0.2.Final.jar
7fa6b4005000-7fa6b400c000 r--s 00042000 fd:00 2401380                    /home/toands/.m2/repository/org/yaml/snakeyaml/1.19/snakeyaml-1.19.jar
7fa6b400c000-7fa6b4626000 rw-p 00000000 00:00 0 
7fa6b4626000-7fa6b4800000 r--s 03d6b000 fd:00 4734024                    /usr/lib/jvm/java-8-oracle/jre/lib/rt.jar
7fa6b4800000-7fa6b5000000 rw-p 00000000 00:00 0 
7fa6b5000000-7fa6b58d0000 rwxp 00000000 00:00 0 
7fa6b58d0000-7fa6c4000000 ---p 00000000 00:00 0 
7fa6c4000000-7fa6c5147000 rw-p 00000000 00:00 0 
7fa6c5147000-7fa6c8000000 ---p 00000000 00:00 0 
7fa6c8000000-7fa6c8001000 r--s 00000000 fd:00 2401440                    /home/toands/.m2/repository/org/springframework/boot/spring-boot-starter-web/2.0.4.RELEASE/spring-boot-starter-web-2.0.4.RELEASE.jar
7fa6c8001000-7fa6c8003000 r--s 0000f000 fd:00 2401394                    /home/toands/.m2/repository/org/jboss/logging/jboss-logging/3.3.2.Final/jboss-logging-3.3.2.Final.jar
7fa6c8003000-7fa6c8470000 rw-p 00000000 00:00 0 
7fa6c8470000-7fa6c8471000 ---p 00000000 00:00 0 
7fa6c8471000-7fa6c8571000 rw-p 00000000 00:00 0 
7fa6c8571000-7fa6c8572000 ---p 00000000 00:00 0 
7fa6c8572000-7fa6c8672000 rw-p 00000000 00:00 0 
7fa6c8672000-7fa6c8673000 ---p 00000000 00:00 0 
7fa6c8673000-7fa6c8773000 rw-p 00000000 00:00 0 
7fa6c8773000-7fa6c8774000 ---p 00000000 00:00 0 
7fa6c8774000-7fa6c8874000 rw-p 00000000 00:00 0 
7fa6c8874000-7fa6c8875000 ---p 00000000 00:00 0 
7fa6c8875000-7fa6c8975000 rw-p 00000000 00:00 0 
7fa6c8975000-7fa6c8976000 ---p 00000000 00:00 0 
7fa6c8976000-7fa6c8a76000 rw-p 00000000 00:00 0 
7fa6c8a76000-7fa6c8a77000 ---p 00000000 00:00 0 
7fa6c8a77000-7fa6c8b77000 rw-p 00000000 00:00 0 
7fa6c8b77000-7fa6c8b78000 ---p 00000000 00:00 0 
7fa6c8b78000-7fa6c8cdc000 rw-p 00000000 00:00 0 
7fa6c8cdc000-7fa6c8f07000 ---p 00000000 00:00 0 
7fa6c8f07000-7fa6c8f6b000 rw-p 00000000 00:00 0 
7fa6c8f6b000-7fa6c9195000 ---p 00000000 00:00 0 
7fa6c9195000-7fa6c9238000 rw-p 00000000 00:00 0 
7fa6c9238000-7fa6c92dd000 ---p 00000000 00:00 0 
7fa6c92dd000-7fa6c9302000 rw-p 00000000 00:00 0 
7fa6c9302000-7fa6c969e000 ---p 00000000 00:00 0 
7fa6c969e000-7fa6c96b9000 r-xp 00000000 fd:00 4733909                    /usr/lib/jvm/java-8-oracle/jre/lib/amd64/libzip.so
7fa6c96b9000-7fa6c98b9000 ---p 0001b000 fd:00 4733909                    /usr/lib/jvm/java-8-oracle/jre/lib/amd64/libzip.so
7fa6c98b9000-7fa6c98ba000 rw-p 0001b000 fd:00 4733909                    /usr/lib/jvm/java-8-oracle/jre/lib/amd64/libzip.so
7fa6c98ba000-7fa6c98c5000 r-xp 00000000 fd:00 529264                     /lib/x86_64-linux-gnu/libnss_files-2.27.so
7fa6c98c5000-7fa6c9ac4000 ---p 0000b000 fd:00 529264                     /lib/x86_64-linux-gnu/libnss_files-2.27.so
7fa6c9ac4000-7fa6c9ac5000 r--p 0000a000 fd:00 529264                     /lib/x86_64-linux-gnu/libnss_files-2.27.so
7fa6c9ac5000-7fa6c9ac6000 rw-p 0000b000 fd:00 529264                     /lib/x86_64-linux-gnu/libnss_files-2.27.so
7fa6c9ac6000-7fa6c9acc000 rw-p 00000000 00:00 0 
7fa6c9acc000-7fa6c9ae3000 r-xp 00000000 fd:00 529258                     /lib/x86_64-linux-gnu/libnsl-2.27.so
7fa6c9ae3000-7fa6c9ce2000 ---p 00017000 fd:00 529258                     /lib/x86_64-linux-gnu/libnsl-2.27.so
7fa6c9ce2000-7fa6c9ce3000 r--p 00016000 fd:00 529258                     /lib/x86_64-linux-gnu/libnsl-2.27.so
7fa6c9ce3000-7fa6c9ce4000 rw-p 00017000 fd:00 529258                     /lib/x86_64-linux-gnu/libnsl-2.27.so
7fa6c9ce4000-7fa6c9ce6000 rw-p 00000000 00:00 0 
7fa6c9ce6000-7fa6c9cf1000 r-xp 00000000 fd:00 529275                     /lib/x86_64-linux-gnu/libnss_nis-2.27.so
7fa6c9cf1000-7fa6c9ef0000 ---p 0000b000 fd:00 529275                     /lib/x86_64-linux-gnu/libnss_nis-2.27.so
7fa6c9ef0000-7fa6c9ef1000 r--p 0000a000 fd:00 529275                     /lib/x86_64-linux-gnu/libnss_nis-2.27.so
7fa6c9ef1000-7fa6c9ef2000 rw-p 0000b000 fd:00 529275                     /lib/x86_64-linux-gnu/libnss_nis-2.27.so
7fa6c9ef2000-7fa6c9efa000 r-xp 00000000 fd:00 529260                     /lib/x86_64-linux-gnu/libnss_compat-2.27.so
7fa6c9efa000-7fa6ca0fa000 ---p 00008000 fd:00 529260                     /lib/x86_64-linux-gnu/libnss_compat-2.27.so
7fa6ca0fa000-7fa6ca0fb000 r--p 00008000 fd:00 529260                     /lib/x86_64-linux-gnu/libnss_compat-2.27.so
7fa6ca0fb000-7fa6ca0fc000 rw-p 00009000 fd:00 529260                     /lib/x86_64-linux-gnu/libnss_compat-2.27.so
7fa6ca0fc000-7fa6ca127000 r-xp 00000000 fd:00 4733903                    /usr/lib/jvm/java-8-oracle/jre/lib/amd64/libjava.so
7fa6ca127000-7fa6ca326000 ---p 0002b000 fd:00 4733903                    /usr/lib/jvm/java-8-oracle/jre/lib/amd64/libjava.so
7fa6ca326000-7fa6ca328000 rw-p 0002a000 fd:00 4733903                    /usr/lib/jvm/java-8-oracle/jre/lib/amd64/libjava.so
7fa6ca328000-7fa6ca335000 r-xp 00000000 fd:00 4733908                    /usr/lib/jvm/java-8-oracle/jre/lib/amd64/libverify.so
7fa6ca335000-7fa6ca535000 ---p 0000d000 fd:00 4733908                    /usr/lib/jvm/java-8-oracle/jre/lib/amd64/libverify.so
7fa6ca535000-7fa6ca537000 rw-p 0000d000 fd:00 4733908                    /usr/lib/jvm/java-8-oracle/jre/lib/amd64/libverify.so
7fa6ca537000-7fa6ca53e000 r-xp 00000000 fd:00 529315                     /lib/x86_64-linux-gnu/librt-2.27.so
7fa6ca53e000-7fa6ca73d000 ---p 00007000 fd:00 529315                     /lib/x86_64-linux-gnu/librt-2.27.so
7fa6ca73d000-7fa6ca73e000 r--p 00006000 fd:00 529315                     /lib/x86_64-linux-gnu/librt-2.27.so
7fa6ca73e000-7fa6ca73f000 rw-p 00007000 fd:00 529315                     /lib/x86_64-linux-gnu/librt-2.27.so
7fa6ca73f000-7fa6ca8dc000 r-xp 00000000 fd:00 529237                     /lib/x86_64-linux-gnu/libm-2.27.so
7fa6ca8dc000-7fa6caadb000 ---p 0019d000 fd:00 529237                     /lib/x86_64-linux-gnu/libm-2.27.so
7fa6caadb000-7fa6caadc000 r--p 0019c000 fd:00 529237                     /lib/x86_64-linux-gnu/libm-2.27.so
7fa6caadc000-7fa6caadd000 rw-p 0019d000 fd:00 529237                     /lib/x86_64-linux-gnu/libm-2.27.so
7fa6caadd000-7fa6cb7b9000 r-xp 00000000 fd:00 4733885                    /usr/lib/jvm/java-8-oracle/jre/lib/amd64/server/libjvm.so
7fa6cb7b9000-7fa6cb9b9000 ---p 00cdc000 fd:00 4733885                    /usr/lib/jvm/java-8-oracle/jre/lib/amd64/server/libjvm.so
7fa6cb9b9000-7fa6cba93000 rw-p 00cdc000 fd:00 4733885                    /usr/lib/jvm/java-8-oracle/jre/lib/amd64/server/libjvm.so
7fa6cba93000-7fa6cbade000 rw-p 00000000 00:00 0 
7fa6cbade000-7fa6cbcc5000 r-xp 00000000 fd:00 529174                     /lib/x86_64-linux-gnu/libc-2.27.so
7fa6cbcc5000-7fa6cbec5000 ---p 001e7000 fd:00 529174                     /lib/x86_64-linux-gnu/libc-2.27.so
7fa6cbec5000-7fa6cbec9000 r--p 001e7000 fd:00 529174                     /lib/x86_64-linux-gnu/libc-2.27.so
7fa6cbec9000-7fa6cbecb000 rw-p 001eb000 fd:00 529174                     /lib/x86_64-linux-gnu/libc-2.27.so
7fa6cbecb000-7fa6cbecf000 rw-p 00000000 00:00 0 
7fa6cbecf000-7fa6cbed2000 r-xp 00000000 fd:00 529197                     /lib/x86_64-linux-gnu/libdl-2.27.so
7fa6cbed2000-7fa6cc0d1000 ---p 00003000 fd:00 529197                     /lib/x86_64-linux-gnu/libdl-2.27.so
7fa6cc0d1000-7fa6cc0d2000 r--p 00002000 fd:00 529197                     /lib/x86_64-linux-gnu/libdl-2.27.so
7fa6cc0d2000-7fa6cc0d3000 rw-p 00003000 fd:00 529197                     /lib/x86_64-linux-gnu/libdl-2.27.so
7fa6cc0d3000-7fa6cc0e9000 r-xp 00000000 fd:00 4733816                    /usr/lib/jvm/java-8-oracle/lib/amd64/jli/libjli.so
7fa6cc0e9000-7fa6cc2e8000 ---p 00016000 fd:00 4733816                    /usr/lib/jvm/java-8-oracle/lib/amd64/jli/libjli.so
7fa6cc2e8000-7fa6cc2e9000 rw-p 00015000 fd:00 4733816                    /usr/lib/jvm/java-8-oracle/lib/amd64/jli/libjli.so
7fa6cc2e9000-7fa6cc303000 r-xp 00000000 fd:00 529307                     /lib/x86_64-linux-gnu/libpthread-2.27.so
7fa6cc303000-7fa6cc502000 ---p 0001a000 fd:00 529307                     /lib/x86_64-linux-gnu/libpthread-2.27.so
7fa6cc502000-7fa6cc503000 r--p 00019000 fd:00 529307                     /lib/x86_64-linux-gnu/libpthread-2.27.so
7fa6cc503000-7fa6cc504000 rw-p 0001a000 fd:00 529307                     /lib/x86_64-linux-gnu/libpthread-2.27.so
7fa6cc504000-7fa6cc508000 rw-p 00000000 00:00 0 
7fa6cc508000-7fa6cc52f000 r-xp 00000000 fd:00 529146                     /lib/x86_64-linux-gnu/ld-2.27.so
7fa6cc52f000-7fa6cc533000 r--s 00020000 fd:00 1980122                    /home/toands/.m2/repository/com/zaxxer/HikariCP/2.7.9/HikariCP-2.7.9.jar
7fa6cc533000-7fa6cc534000 r--s 00000000 fd:00 2401388                    /home/toands/.m2/repository/org/springframework/boot/spring-boot-starter-jdbc/2.0.4.RELEASE/spring-boot-starter-jdbc-2.0.4.RELEASE.jar
7fa6cc534000-7fa6cc536000 r--s 00005000 fd:00 2401378                    /home/toands/.m2/repository/javax/annotation/javax.annotation-api/1.3.2/javax.annotation-api-1.3.2.jar
7fa6cc536000-7fa6cc538000 r--s 00000000 fd:00 2401376                    /home/toands/.m2/repository/org/slf4j/jul-to-slf4j/1.7.25/jul-to-slf4j-1.7.25.jar
7fa6cc538000-7fa6cc53e000 r--s 00039000 fd:00 2401374                    /home/toands/.m2/repository/org/apache/logging/log4j/log4j-api/2.10.0/log4j-api-2.10.0.jar
7fa6cc53e000-7fa6cc540000 r--s 00003000 fd:00 2401372                    /home/toands/.m2/repository/org/apache/logging/log4j/log4j-to-slf4j/2.10.0/log4j-to-slf4j-2.10.0.jar
7fa6cc540000-7fa6cc60b000 rw-p 00000000 00:00 0 
7fa6cc60b000-7fa6cc60c000 ---p 00000000 00:00 0 
7fa6cc60c000-7fa6cc60f000 ---p 00000000 00:00 0 
7fa6cc60f000-7fa6cc710000 rw-p 00000000 00:00 0 
7fa6cc710000-7fa6cc711000 r--s 00000000 fd:00 2401382                    /home/toands/.m2/repository/org/springframework/boot/spring-boot-starter-aop/2.0.4.RELEASE/spring-boot-starter-aop-2.0.4.RELEASE.jar
7fa6cc711000-7fa6cc71c000 r--s 00069000 fd:00 2401370                    /home/toands/.m2/repository/ch/qos/logback/logback-core/1.2.3/logback-core-1.2.3.jar
7fa6cc71c000-7fa6cc722000 r--s 00041000 fd:00 2401368                    /home/toands/.m2/repository/ch/qos/logback/logback-classic/1.2.3/logback-classic-1.2.3.jar
7fa6cc722000-7fa6cc723000 r--s 00000000 fd:00 2401366                    /home/toands/.m2/repository/org/springframework/boot/spring-boot-starter-logging/2.0.4.RELEASE/spring-boot-starter-logging-2.0.4.RELEASE.jar
7fa6cc723000-7fa6cc724000 r--s 00000000 fd:00 2401360                    /home/toands/.m2/repository/org/springframework/boot/spring-boot-starter/2.0.4.RELEASE/spring-boot-starter-2.0.4.RELEASE.jar
7fa6cc724000-7fa6cc725000 r--s 00000000 fd:00 2401358                    /home/toands/.m2/repository/org/springframework/boot/spring-boot-starter-data-jpa/2.0.4.RELEASE/spring-boot-starter-data-jpa-2.0.4.RELEASE.jar
7fa6cc725000-7fa6cc72d000 rw-s 00000000 fd:00 4589528                    /tmp/hsperfdata_toands/12778
7fa6cc72d000-7fa6cc72e000 rw-p 00000000 00:00 0 
7fa6cc72e000-7fa6cc72f000 ---p 00000000 00:00 0 
7fa6cc72f000-7fa6cc730000 r--p 00027000 fd:00 529146                     /lib/x86_64-linux-gnu/ld-2.27.so
7fa6cc730000-7fa6cc731000 rw-p 00028000 fd:00 529146                     /lib/x86_64-linux-gnu/ld-2.27.so
7fa6cc731000-7fa6cc732000 rw-p 00000000 00:00 0 
7ffef9a7e000-7ffef9aa1000 rw-p 00000000 00:00 0                          [stack]
7ffef9ac0000-7ffef9ac3000 r--p 00000000 00:00 0                          [vvar]
7ffef9ac3000-7ffef9ac5000 r-xp 00000000 00:00 0                          [vdso]
ffffffffff600000-ffffffffff601000 r-xp 00000000 00:00 0                  [vsyscall]

VM Arguments:
jvm_args: -Dcom.sun.management.jmxremote -Dcom.sun.management.jmxremote.port=37117 -Dcom.sun.management.jmxremote.authenticate=false -Dcom.sun.management.jmxremote.ssl=false -Djava.rmi.server.hostname=localhost -Dspring.liveBeansView.mbeanDomain -Dspring.application.admin.enabled=true -Djava.security.egd=file:/dev/./urandom -Xverify:none -XX:TieredStopAtLevel=1 -Dfile.encoding=UTF-8 
java_command: com.api_ctv.Api_CTV_Application --spring.output.ansi.enabled=always
java_class_path (initial): /usr/lib/jvm/java-8-oracle/jre/lib/resources.jar:/usr/lib/jvm/java-8-oracle/jre/lib/rt.jar:/usr/lib/jvm/java-8-oracle/jre/lib/jsse.jar:/usr/lib/jvm/java-8-oracle/jre/lib/jce.jar:/usr/lib/jvm/java-8-oracle/jre/lib/charsets.jar:/usr/lib/jvm/java-8-oracle/jre/lib/jfr.jar:/usr/lib/jvm/java-8-oracle/jre/lib/ext/zipfs.jar:/usr/lib/jvm/java-8-oracle/jre/lib/ext/jaccess.jar:/usr/lib/jvm/java-8-oracle/jre/lib/ext/dnsns.jar:/usr/lib/jvm/java-8-oracle/jre/lib/ext/nashorn.jar:/usr/lib/jvm/java-8-oracle/jre/lib/ext/sunec.jar:/usr/lib/jvm/java-8-oracle/jre/lib/ext/jfxrt.jar:/usr/lib/jvm/java-8-oracle/jre/lib/ext/sunpkcs11.jar:/usr/lib/jvm/java-8-oracle/jre/lib/ext/cldrdata.jar:/usr/lib/jvm/java-8-oracle/jre/lib/ext/localedata.jar:/usr/lib/jvm/java-8-oracle/jre/lib/ext/sunjce_provider.jar:/home/toands/Documents/workspace-sts-3.9.5.RELEASE/[IU] API_CTV/target/classes:/home/toands/.m2/repository/org/springframework/boot/spring-boot-starter-data-jpa/2.0.4.RELEASE/spring-boot-starter-data-jpa-2.0.4.RELEASE.jar:/home/toands/.m2/repository/org/springframework/boot/spring-boot-starter/2.0.4.RELEASE/spring-boot-starter-2.0.4.RELEASE.jar:/home/toands/.m2/repository/org/springframework/boot/spring-boot/2.0.4.RELEASE/spring-boot-2.0.4.RELEASE.jar:/home/toands/.m2/repository/org/springframework/boot/spring-boot-autoconfigure/2.0.4.RELEASE/spring-boot-autoconfigure-2.0.4.RELEASE.jar:/home/toands/.m2/repository/org/springframework/boot/spring-boot-starter-logging/2.0.4.RELEASE/spring-boot-starter-logging-2.0.4.RELEASE.jar:/home/toands/.m2/repository/ch/qos/logback/logback-classic/1.2.3/logback-classic-1.2.3.jar:/home/toands/.m2/repository/ch/qos/logback/logback-core/1.2.3/logback-core-1.2.3.jar:/home/toands/.m2/repository/org/apache/logging/log4j/log4j-to-slf4j/2.10.0/log4j-to-slf4j-2.10.0.jar:/home/toands/.m2/repository/org/apache/logging/log4j/log4j-api/2.10.0/log4j-api-2.10.0.jar:/home/toands/.m2/repository/org/slf4j/jul-to-slf4j/1.7.25/jul-to-slf4j-1.7.25.jar:/h
Launcher Type: SUN_STANDARD

Environment Variables:
JAVA_HOME=/usr/lib/jvm/java-8-oracle
PATH=/usr/local/sbin:/usr/local/bin:/usr/sbin:/usr/bin:/sbin:/bin:/usr/games:/usr/local/games:/snap/bin:/usr/lib/jvm/java-8-oracle/bin:/usr/lib/jvm/java-8-oracle/db/bin:/usr/lib/jvm/java-8-oracle/jre/bin
USERNAME=toands
SHELL=/usr/bin/zsh
DISPLAY=:0

Signal Handlers:
SIGSEGV: [libjvm.so+0xad2a40], sa_mask[0]=11111111011111111101111111111110, sa_flags=SA_RESTART|SA_SIGINFO
SIGBUS: [libjvm.so+0xad2a40], sa_mask[0]=11111111011111111101111111111110, sa_flags=SA_RESTART|SA_SIGINFO
SIGFPE: [libjvm.so+0x92a610], sa_mask[0]=11111111011111111101111111111110, sa_flags=SA_RESTART|SA_SIGINFO
SIGPIPE: [libjvm.so+0x92a610], sa_mask[0]=11111111011111111101111111111110, sa_flags=SA_RESTART|SA_SIGINFO
SIGXFSZ: [libjvm.so+0x92a610], sa_mask[0]=11111111011111111101111111111110, sa_flags=SA_RESTART|SA_SIGINFO
SIGILL: [libjvm.so+0x92a610], sa_mask[0]=11111111011111111101111111111110, sa_flags=SA_RESTART|SA_SIGINFO
SIGUSR1: SIG_DFL, sa_mask[0]=00000000000000000000000000000000, sa_flags=none
SIGUSR2: [libjvm.so+0x92be70], sa_mask[0]=00100000000000000000000000000000, sa_flags=SA_RESTART|SA_SIGINFO
SIGHUP: [libjvm.so+0x92d270], sa_mask[0]=11111111011111111101111111111110, sa_flags=SA_RESTART|SA_SIGINFO
SIGINT: [libjvm.so+0x92d270], sa_mask[0]=11111111011111111101111111111110, sa_flags=SA_RESTART|SA_SIGINFO
SIGTERM: [libjvm.so+0x92d270], sa_mask[0]=11111111011111111101111111111110, sa_flags=SA_RESTART|SA_SIGINFO
SIGQUIT: [libjvm.so+0x92d270], sa_mask[0]=11111111011111111101111111111110, sa_flags=SA_RESTART|SA_SIGINFO


---------------  S Y S T E M  ---------------

OS:DISTRIB_ID=Ubuntu
DISTRIB_RELEASE=18.04
DISTRIB_CODENAME=bionic
DISTRIB_DESCRIPTION="Ubuntu 18.04.1 LTS"

uname:Linux 4.15.0-34-generic #37-Ubuntu SMP Mon Aug 27 15:21:48 UTC 2018 x86_64
libc:glibc 2.27 NPTL 2.27 
rlimit: STACK 8192k, CORE 0k, NPROC 30344, NOFILE 4096, AS infinity
load average:0,89 0,44 0,28

/proc/meminfo:
MemTotal:        8039296 kB
MemFree:          112612 kB
MemAvailable:       8036 kB
Buffers:             608 kB
Cached:            42528 kB
SwapCached:        47964 kB
Active:          6569280 kB
Inactive:         920500 kB
Active(anon):    6563748 kB
Inactive(anon):   914988 kB
Active(file):       5532 kB
Inactive(file):     5512 kB
Unevictable:         208 kB
Mlocked:             208 kB
SwapTotal:       1003516 kB
SwapFree:              0 kB
Dirty:                48 kB
Writeback:             0 kB
AnonPages:       7399732 kB
Mapped:            95260 kB
Shmem:             31280 kB
Slab:             158180 kB
SReclaimable:      61528 kB
SUnreclaim:        96652 kB
KernelStack:       18608 kB
PageTables:        77464 kB
NFS_Unstable:          0 kB
Bounce:                0 kB
WritebackTmp:          0 kB
CommitLimit:     5023164 kB
Committed_AS:   12111804 kB
VmallocTotal:   34359738367 kB
VmallocUsed:           0 kB
VmallocChunk:          0 kB
HardwareCorrupted:     0 kB
AnonHugePages:         0 kB
ShmemHugePages:        0 kB
ShmemPmdMapped:        0 kB
CmaTotal:              0 kB
CmaFree:               0 kB
HugePages_Total:       0
HugePages_Free:        0
HugePages_Rsvd:        0
HugePages_Surp:        0
Hugepagesize:       2048 kB
DirectMap4k:      380468 kB
DirectMap2M:     7880704 kB
DirectMap1G:           0 kB


CPU:total 8 (initial active 8) (4 cores per cpu, 2 threads per core) family 6 model 158 stepping 9, cmov, cx8, fxsr, mmx, sse, sse2, sse3, ssse3, sse4.1, sse4.2, popcnt, avx, avx2, aes, clmul, erms, 3dnowpref, lzcnt, ht, tsc, tscinvbit, bmi1, bmi2, adx

/proc/cpuinfo:
processor	: 0
vendor_id	: GenuineIntel
cpu family	: 6
model		: 158
model name	: Intel(R) Core(TM) i7-7700HQ CPU @ 2.80GHz
stepping	: 9
microcode	: 0x8e
cpu MHz		: 3400.000
cache size	: 6144 KB
physical id	: 0
siblings	: 8
core id		: 0
cpu cores	: 4
apicid		: 0
initial apicid	: 0
fpu		: yes
fpu_exception	: yes
cpuid level	: 22
wp		: yes
flags		: fpu vme de pse tsc msr pae mce cx8 apic sep mtrr pge mca cmov pat pse36 clflush dts acpi mmx fxsr sse sse2 ss ht tm pbe syscall nx pdpe1gb rdtscp lm constant_tsc art arch_perfmon pebs bts rep_good nopl xtopology nonstop_tsc cpuid aperfmperf tsc_known_freq pni pclmulqdq dtes64 monitor ds_cpl vmx est tm2 ssse3 sdbg fma cx16 xtpr pdcm pcid sse4_1 sse4_2 x2apic movbe popcnt tsc_deadline_timer aes xsave avx f16c rdrand lahf_lm abm 3dnowprefetch cpuid_fault invpcid_single pti ssbd ibrs ibpb stibp tpr_shadow vnmi flexpriority ept vpid fsgsbase tsc_adjust bmi1 avx2 smep bmi2 erms invpcid mpx rdseed adx smap clflushopt intel_pt xsaveopt xsavec xgetbv1 xsaves dtherm ida arat pln pts hwp hwp_notify hwp_act_window hwp_epp flush_l1d
bugs		: cpu_meltdown spectre_v1 spectre_v2 spec_store_bypass l1tf
bogomips	: 5616.00
clflush size	: 64
cache_alignment	: 64
address sizes	: 39 bits physical, 48 bits virtual
power management:

processor	: 1
vendor_id	: GenuineIntel
cpu family	: 6
model		: 158
model name	: Intel(R) Core(TM) i7-7700HQ CPU @ 2.80GHz
stepping	: 9
microcode	: 0x8e
cpu MHz		: 3399.998
cache size	: 6144 KB
physical id	: 0
siblings	: 8
core id		: 1
cpu cores	: 4
apicid		: 2
initial apicid	: 2
fpu		: yes
fpu_exception	: yes
cpuid level	: 22
wp		: yes
flags		: fpu vme de pse tsc msr pae mce cx8 apic sep mtrr pge mca cmov pat pse36 clflush dts acpi mmx fxsr sse sse2 ss ht tm pbe syscall nx pdpe1gb rdtscp lm constant_tsc art arch_perfmon pebs bts rep_good nopl xtopology nonstop_tsc cpuid aperfmperf tsc_known_freq pni pclmulqdq dtes64 monitor ds_cpl vmx est tm2 ssse3 sdbg fma cx16 xtpr pdcm pcid sse4_1 sse4_2 x2apic movbe popcnt tsc_deadline_timer aes xsave avx f16c rdrand lahf_lm abm 3dnowprefetch cpuid_fault invpcid_single pti ssbd ibrs ibpb stibp tpr_shadow vnmi flexpriority ept vpid fsgsbase tsc_adjust bmi1 avx2 smep bmi2 erms invpcid mpx rdseed adx smap clflushopt intel_pt xsaveopt xsavec xgetbv1 xsaves dtherm ida arat pln pts hwp hwp_notify hwp_act_window hwp_epp flush_l1d
bugs		: cpu_meltdown spectre_v1 spectre_v2 spec_store_bypass l1tf
bogomips	: 5616.00
clflush size	: 64
cache_alignment	: 64
address sizes	: 39 bits physical, 48 bits virtual
power management:

processor	: 2
vendor_id	: GenuineIntel
cpu family	: 6
model		: 158
model name	: Intel(R) Core(TM) i7-7700HQ CPU @ 2.80GHz
stepping	: 9
microcode	: 0x8e
cpu MHz		: 3400.001
cache size	: 6144 KB
physical id	: 0
siblings	: 8
core id		: 2
cpu cores	: 4
apicid		: 4
initial apicid	: 4
fpu		: yes
fpu_exception	: yes
cpuid level	: 22
wp		: yes
flags		: fpu vme de pse tsc msr pae mce cx8 apic sep mtrr pge mca cmov pat pse36 clflush dts acpi mmx fxsr sse sse2 ss ht tm pbe syscall nx pdpe1gb rdtscp lm constant_tsc art arch_perfmon pebs bts rep_good nopl xtopology nonstop_tsc cpuid aperfmperf tsc_known_freq pni pclmulqdq dtes64 monitor ds_cpl vmx est tm2 ssse3 sdbg fma cx16 xtpr pdcm pcid sse4_1 sse4_2 x2apic movbe popcnt tsc_deadline_timer aes xsave avx f16c rdrand lahf_lm abm 3dnowprefetch cpuid_fault invpcid_single pti ssbd ibrs ibpb stibp tpr_shadow vnmi flexpriority ept vpid fsgsbase tsc_adjust bmi1 avx2 smep bmi2 erms invpcid mpx rdseed adx smap clflushopt intel_pt xsaveopt xsavec xgetbv1 xsaves dtherm ida arat pln pts hwp hwp_notify hwp_act_window hwp_epp flush_l1d
bugs		: cpu_meltdown spectre_v1 spectre_v2 spec_store_bypass l1tf
bogomips	: 5616.00
clflush size	: 64
cache_alignment	: 64
address sizes	: 39 bits physical, 48 bits virtual
power management:

processor	: 3
vendor_id	: GenuineIntel
cpu family	: 6
model		: 158
model name	: Intel(R) Core(TM) i7-7700HQ CPU @ 2.80GHz
stepping	: 9
microcode	: 0x8e
cpu MHz		: 3400.001
cache size	: 6144 KB
physical id	: 0
siblings	: 8
core id		: 3
cpu cores	: 4
apicid		: 6
initial apicid	: 6
fpu		: yes
fpu_exception	: yes
cpuid level	: 22
wp		: yes
flags		: fpu vme de pse tsc msr pae mce cx8 apic sep mtrr pge mca cmov pat pse36 clflush dts acpi mmx fxsr sse sse2 ss ht tm pbe syscall nx pdpe1gb rdtscp lm constant_tsc art arch_perfmon pebs bts rep_good nopl xtopology nonstop_tsc cpuid aperfmperf tsc_known_freq pni pclmulqdq dtes64 monitor ds_cpl vmx est tm2 ssse3 sdbg fma cx16 xtpr pdcm pcid sse4_1 sse4_2 x2apic movbe popcnt tsc_deadline_timer aes xsave avx f16c rdrand lahf_lm abm 3dnowprefetch cpuid_fault invpcid_single pti ssbd ibrs ibpb stibp tpr_shadow vnmi flexpriority ept vpid fsgsbase tsc_adjust bmi1 avx2 smep bmi2 erms invpcid mpx rdseed adx smap clflushopt intel_pt xsaveopt xsavec xgetbv1 xsaves dtherm ida arat pln pts hwp hwp_notify hwp_act_window hwp_epp flush_l1d
bugs		: cpu_meltdown spectre_v1 spectre_v2 spec_store_bypass l1tf
bogomips	: 5616.00
clflush size	: 64
cache_alignment	: 64
address sizes	: 39 bits physical, 48 bits virtual
power management:

processor	: 4
vendor_id	: GenuineIntel
cpu family	: 6
model		: 158
model name	: Intel(R) Core(TM) i7-7700HQ CPU @ 2.80GHz
stepping	: 9
microcode	: 0x8e
cpu MHz		: 3400.001
cache size	: 6144 KB
physical id	: 0
siblings	: 8
core id		: 0
cpu cores	: 4
apicid		: 1
initial apicid	: 1
fpu		: yes
fpu_exception	: yes
cpuid level	: 22
wp		: yes
flags		: fpu vme de pse tsc msr pae mce cx8 apic sep mtrr pge mca cmov pat pse36 clflush dts acpi mmx fxsr sse sse2 ss ht tm pbe syscall nx pdpe1gb rdtscp lm constant_tsc art arch_perfmon pebs bts rep_good nopl xtopology nonstop_tsc cpuid aperfmperf tsc_known_freq pni pclmulqdq dtes64 monitor ds_cpl vmx est tm2 ssse3 sdbg fma cx16 xtpr pdcm pcid sse4_1 sse4_2 x2apic movbe popcnt tsc_deadline_timer aes xsave avx f16c rdrand lahf_lm abm 3dnowprefetch cpuid_fault invpcid_single pti ssbd ibrs ibpb stibp tpr_shadow vnmi flexpriority ept vpid fsgsbase tsc_adjust bmi1 avx2 smep bmi2 erms invpcid mpx rdseed adx smap clflushopt intel_pt xsaveopt xsavec xgetbv1 xsaves dtherm ida arat pln pts hwp hwp_notify hwp_act_window hwp_epp flush_l1d
bugs		: cpu_meltdown spectre_v1 spectre_v2 spec_store_bypass l1tf
bogomips	: 5616.00
clflush size	: 64
cache_alignment	: 64
address sizes	: 39 bits physical, 48 bits virtual
power management:

processor	: 5
vendor_id	: GenuineIntel
cpu family	: 6
model		: 158
model name	: Intel(R) Core(TM) i7-7700HQ CPU @ 2.80GHz
stepping	: 9
microcode	: 0x8e
cpu MHz		: 3400.029
cache size	: 6144 KB
physical id	: 0
siblings	: 8
core id		: 1
cpu cores	: 4
apicid		: 3
initial apicid	: 3
fpu		: yes
fpu_exception	: yes
cpuid level	: 22
wp		: yes
flags		: fpu vme de pse tsc msr pae mce cx8 apic sep mtrr pge mca cmov pat pse36 clflush dts acpi mmx fxsr sse sse2 ss ht tm pbe syscall nx pdpe1gb rdtscp lm constant_tsc art arch_perfmon pebs bts rep_good nopl xtopology nonstop_tsc cpuid aperfmperf tsc_known_freq pni pclmulqdq dtes64 monitor ds_cpl vmx est tm2 ssse3 sdbg fma cx16 xtpr pdcm pcid sse4_1 sse4_2 x2apic movbe popcnt tsc_deadline_timer aes xsave avx f16c rdrand lahf_lm abm 3dnowprefetch cpuid_fault invpcid_single pti ssbd ibrs ibpb stibp tpr_shadow vnmi flexpriority ept vpid fsgsbase tsc_adjust bmi1 avx2 smep bmi2 erms invpcid mpx rdseed adx smap clflushopt intel_pt xsaveopt xsavec xgetbv1 xsaves dtherm ida arat pln pts hwp hwp_notify hwp_act_window hwp_epp flush_l1d
bugs		: cpu_meltdown spectre_v1 spectre_v2 spec_store_bypass l1tf
bogomips	: 5616.00
clflush size	: 64
cache_alignment	: 64
address sizes	: 39 bits physical, 48 bits virtual
power management:

processor	: 6
vendor_id	: GenuineIntel
cpu family	: 6
model		: 158
model name	: Intel(R) Core(TM) i7-7700HQ CPU @ 2.80GHz
stepping	: 9
microcode	: 0x8e
cpu MHz		: 3400.000
cache size	: 6144 KB
physical id	: 0
siblings	: 8
core id		: 2
cpu cores	: 4
apicid		: 5
initial apicid	: 5
fpu		: yes
fpu_exception	: yes
cpuid level	: 22
wp		: yes
flags		: fpu vme de pse tsc msr pae mce cx8 apic sep mtrr pge mca cmov pat pse36 clflush dts acpi mmx fxsr sse sse2 ss ht tm pbe syscall nx pdpe1gb rdtscp lm constant_tsc art arch_perfmon pebs bts rep_good nopl xtopology nonstop_tsc cpuid aperfmperf tsc_known_freq pni pclmulqdq dtes64 monitor ds_cpl vmx est tm2 ssse3 sdbg fma cx16 xtpr pdcm pcid sse4_1 sse4_2 x2apic movbe popcnt tsc_deadline_timer aes xsave avx f16c rdrand lahf_lm abm 3dnowprefetch cpuid_fault invpcid_single pti ssbd ibrs ibpb stibp tpr_shadow vnmi flexpriority ept vpid fsgsbase tsc_adjust bmi1 avx2 smep bmi2 erms invpcid mpx rdseed adx smap clflushopt intel_pt xsaveopt xsavec xgetbv1 xsaves dtherm ida arat pln pts hwp hwp_notify hwp_act_window hwp_epp flush_l1d
bugs		: cpu_meltdown spectre_v1 spectre_v2 spec_store_bypass l1tf
bogomips	: 5616.00
clflush size	: 64
cache_alignment	: 64
address sizes	: 39 bits physical, 48 bits virtual
power management:

processor	: 7
vendor_id	: GenuineIntel
cpu family	: 6
model		: 158
model name	: Intel(R) Core(TM) i7-7700HQ CPU @ 2.80GHz
stepping	: 9
microcode	: 0x8e
cpu MHz		: 3399.995
cache size	: 6144 KB
physical id	: 0
siblings	: 8
core id		: 3
cpu cores	: 4
apicid		: 7
initial apicid	: 7
fpu		: yes
fpu_exception	: yes
cpuid level	: 22
wp		: yes
flags		: fpu vme de pse tsc msr pae mce cx8 apic sep mtrr pge mca cmov pat pse36 clflush dts acpi mmx fxsr sse sse2 ss ht tm pbe syscall nx pdpe1gb rdtscp lm constant_tsc art arch_perfmon pebs bts rep_good nopl xtopology nonstop_tsc cpuid aperfmperf tsc_known_freq pni pclmulqdq dtes64 monitor ds_cpl vmx est tm2 ssse3 sdbg fma cx16 xtpr pdcm pcid sse4_1 sse4_2 x2apic movbe popcnt tsc_deadline_timer aes xsave avx f16c rdrand lahf_lm abm 3dnowprefetch cpuid_fault invpcid_single pti ssbd ibrs ibpb stibp tpr_shadow vnmi flexpriority ept vpid fsgsbase tsc_adjust bmi1 avx2 smep bmi2 erms invpcid mpx rdseed adx smap clflushopt intel_pt xsaveopt xsavec xgetbv1 xsaves dtherm ida arat pln pts hwp hwp_notify hwp_act_window hwp_epp flush_l1d
bugs		: cpu_meltdown spectre_v1 spectre_v2 spec_store_bypass l1tf
bogomips	: 5616.00
clflush size	: 64
cache_alignment	: 64
address sizes	: 39 bits physical, 48 bits virtual
power management:



Memory: 4k page, physical 8039296k(113272k free), swap 1003516k(0k free)

vm_info: Java HotSpot(TM) 64-Bit Server VM (25.181-b13) for linux-amd64 JRE (1.8.0_181-b13), built on Jul  7 2018 00:56:38 by "java_re" with gcc 4.3.0 20080428 (Red Hat 4.3.0-8)

time: Fri Oct 26 15:07:58 2018
elapsed time: 30 seconds (0d 0h 0m 30s)

